<?xml version="1.0" encoding="UTF-8"?>
<!-- Generated by org.testng.reporters.JUnitReportReporter -->
<testsuite hostname="ikramikku" failures="0" tests="4" name="bazrokart.com.Login_Page" time="9.955" errors="0" timestamp="2025-08-29T11:08:41 IST" skipped="0">
  <testcase classname="bazrokart.com.Login_Page" name="invalidLogin" time="3.262"/>
  <testcase classname="bazrokart.com.Login_Page" name="invalidPass" time="1.888"/>
  <testcase classname="bazrokart.com.Login_Page" name="invalidEmail" time="1.717"/>
  <testcase classname="bazrokart.com.Login_Page" name="validLogin" time="3.088"/>
</testsuite> <!-- bazrokart.com.Login_Page -->
